<?xml version="1.0" encoding="UTF-8"?>
<testng-results skipped="0" failed="0" ignored="0" total="1" passed="1">
  <reporter-output>
  </reporter-output>
  <suite name="Default suite" duration-ms="9415" started-at="2019-08-06T16:01:14Z" finished-at="2019-08-06T16:01:24Z">
    <groups>
    </groups>
    <test name="Default test" duration-ms="9415" started-at="2019-08-06T16:01:14Z" finished-at="2019-08-06T16:01:24Z">
      <class name="tests.BaseClass">
        <test-method status="PASS" signature="setup()[pri:0, instance:tests.BaseClass@598067a5]" name="setup" is-config="true" duration-ms="9388" started-at="2019-08-06T16:01:14Z" finished-at="2019-08-06T16:01:24Z">
          <reporter-output>
          </reporter-output>
        </test-method> <!-- setup -->
        <test-method status="PASS" signature="SampleTest()[pri:0, instance:tests.BaseClass@598067a5]" name="SampleTest" duration-ms="6" started-at="2019-08-06T16:01:24Z" finished-at="2019-08-06T16:01:24Z">
          <reporter-output>
          </reporter-output>
        </test-method> <!-- SampleTest -->
        <test-method status="PASS" signature="teardown()[pri:0, instance:tests.BaseClass@598067a5]" name="teardown" is-config="true" duration-ms="1" started-at="2019-08-06T16:01:24Z" finished-at="2019-08-06T16:01:24Z">
          <reporter-output>
          </reporter-output>
        </test-method> <!-- teardown -->
      </class> <!-- tests.BaseClass -->
    </test> <!-- Default test -->
  </suite> <!-- Default suite -->
</testng-results>
