<?xml version="1.0" encoding="UTF-8"?>
<testng-results skipped="0" failed="0" ignored="0" total="1" passed="1">
  <reporter-output>
  </reporter-output>
  <suite name="Default suite" duration-ms="2987" started-at="2019-08-02T13:49:21Z" finished-at="2019-08-02T13:49:24Z">
    <groups>
    </groups>
    <test name="Default test" duration-ms="2987" started-at="2019-08-02T13:49:21Z" finished-at="2019-08-02T13:49:24Z">
      <class name="com.rest.come.assureNG.OneTest">
        <test-method status="PASS" signature="Satyadeep123()[pri:0, instance:com.rest.come.assureNG.OneTest@5c3bd550]" name="Satyadeep123" duration-ms="2909" started-at="2019-08-02T13:49:21Z" finished-at="2019-08-02T13:49:24Z">
          <reporter-output>
          </reporter-output>
        </test-method> <!-- Satyadeep123 -->
      </class> <!-- com.rest.come.assureNG.OneTest -->
    </test> <!-- Default test -->
  </suite> <!-- Default suite -->
</testng-results>
